<?xml version="1.0" encoding="UTF-8"?>
<testsuite xmlns:xsi="http://www.w3.org/2001/XMLSchema-instance" xsi:noNamespaceSchemaLocation="https://maven.apache.org/surefire/maven-surefire-plugin/xsd/surefire-test-report.xsd" name="api.base.TestBase" time="0.948" tests="0" errors="0" skipped="0" failures="0">
  <properties>
    <property name="java.specification.version" value="17"/>
    <property name="sun.jnu.encoding" value="UTF-8"/>
    <property name="java.class.path" value="/Users/A200033862/eclipse-workspace/api/target/test-classes:/Users/A200033862/eclipse-workspace/api/target/classes:/Users/A200033862/.m2/repository/io/rest-assured/rest-assured/5.1.1/rest-assured-5.1.1.jar:/Users/A200033862/.m2/repository/org/apache/groovy/groovy/4.0.1/groovy-4.0.1.jar:/Users/A200033862/.m2/repository/org/apache/groovy/groovy-xml/4.0.1/groovy-xml-4.0.1.jar:/Users/A200033862/.m2/repository/org/apache/httpcomponents/httpclient/4.5.13/httpclient-4.5.13.jar:/Users/A200033862/.m2/repository/org/apache/httpcomponents/httpcore/4.4.13/httpcore-4.4.13.jar:/Users/A200033862/.m2/repository/commons-logging/commons-logging/1.2/commons-logging-1.2.jar:/Users/A200033862/.m2/repository/org/apache/httpcomponents/httpmime/4.5.13/httpmime-4.5.13.jar:/Users/A200033862/.m2/repository/org/hamcrest/hamcrest/2.1/hamcrest-2.1.jar:/Users/A200033862/.m2/repository/org/ccil/cowan/tagsoup/tagsoup/1.2.1/tagsoup-1.2.1.jar:/Users/A200033862/.m2/repository/io/rest-assured/json-path/5.1.1/json-path-5.1.1.jar:/Users/A200033862/.m2/repository/org/apache/groovy/groovy-json/4.0.1/groovy-json-4.0.1.jar:/Users/A200033862/.m2/repository/io/rest-assured/rest-assured-common/5.1.1/rest-assured-common-5.1.1.jar:/Users/A200033862/.m2/repository/io/rest-assured/xml-path/5.1.1/xml-path-5.1.1.jar:/Users/A200033862/.m2/repository/org/apache/commons/commons-lang3/3.11/commons-lang3-3.11.jar:/Users/A200033862/.m2/repository/org/testng/testng/7.5/testng-7.5.jar:/Users/A200033862/.m2/repository/com/google/code/findbugs/jsr305/3.0.1/jsr305-3.0.1.jar:/Users/A200033862/.m2/repository/org/slf4j/slf4j-api/1.7.32/slf4j-api-1.7.32.jar:/Users/A200033862/.m2/repository/com/beust/jcommander/1.78/jcommander-1.78.jar:/Users/A200033862/.m2/repository/org/webjars/jquery/3.5.1/jquery-3.5.1.jar:/Users/A200033862/.m2/repository/com/googlecode/json-simple/json-simple/1.1/json-simple-1.1.jar:/Users/A200033862/.m2/repository/org/apache/poi/poi/5.2.1/poi-5.2.1.jar:/Users/A200033862/.m2/repository/commons-codec/commons-codec/1.15/commons-codec-1.15.jar:/Users/A200033862/.m2/repository/org/apache/commons/commons-collections4/4.4/commons-collections4-4.4.jar:/Users/A200033862/.m2/repository/org/apache/commons/commons-math3/3.6.1/commons-math3-3.6.1.jar:/Users/A200033862/.m2/repository/commons-io/commons-io/2.11.0/commons-io-2.11.0.jar:/Users/A200033862/.m2/repository/com/zaxxer/SparseBitSet/1.2/SparseBitSet-1.2.jar:/Users/A200033862/.m2/repository/org/apache/logging/log4j/log4j-api/2.17.1/log4j-api-2.17.1.jar:/Users/A200033862/.m2/repository/log4j/log4j/1.2.8/log4j-1.2.8.jar:/Users/A200033862/.m2/repository/com/fasterxml/jackson/core/jackson-databind/2.13.4.1/jackson-databind-2.13.4.1.jar:/Users/A200033862/.m2/repository/com/fasterxml/jackson/core/jackson-annotations/2.13.4/jackson-annotations-2.13.4.jar:/Users/A200033862/.m2/repository/com/fasterxml/jackson/core/jackson-core/2.13.4/jackson-core-2.13.4.jar:/Users/A200033862/.m2/repository/io/qameta/allure/allure-testng/2.19.0/allure-testng-2.19.0.jar:/Users/A200033862/.m2/repository/io/qameta/allure/allure-java-commons/2.19.0/allure-java-commons-2.19.0.jar:/Users/A200033862/.m2/repository/io/qameta/allure/allure-model/2.19.0/allure-model-2.19.0.jar:/Users/A200033862/.m2/repository/io/qameta/allure/allure-test-filter/2.19.0/allure-test-filter-2.19.0.jar:"/>
    <property name="java.vm.vendor" value="Eclipse Adoptium"/>
    <property name="sun.arch.data.model" value="64"/>
    <property name="java.vendor.url" value="https://adoptium.net/"/>
    <property name="os.name" value="Mac OS X"/>
    <property name="java.vm.specification.version" value="17"/>
    <property name="sun.java.launcher" value="SUN_STANDARD"/>
    <property name="user.country" value="IN"/>
    <property name="sun.boot.library.path" value="/Applications/Eclipse.app/Contents/Eclipse/plugins/org.eclipse.justj.openjdk.hotspot.jre.full.macosx.x86_64_17.0.4.v20220903-1038/jre/lib"/>
    <property name="sun.java.command" value="/Users/A200033862/eclipse-workspace/api/target/surefire/surefirebooter15409713415212889020.jar /Users/A200033862/eclipse-workspace/api/target/surefire 2022-11-18T18-24-00_024-jvmRun1 surefire9693642651413808527tmp surefire_09739271970163892918tmp"/>
    <property name="http.nonProxyHosts" value="local|*.local|169.254/16|*.169.254/16"/>
    <property name="jdk.debug" value="release"/>
    <property name="surefire.test.class.path" value="/Users/A200033862/eclipse-workspace/api/target/test-classes:/Users/A200033862/eclipse-workspace/api/target/classes:/Users/A200033862/.m2/repository/io/rest-assured/rest-assured/5.1.1/rest-assured-5.1.1.jar:/Users/A200033862/.m2/repository/org/apache/groovy/groovy/4.0.1/groovy-4.0.1.jar:/Users/A200033862/.m2/repository/org/apache/groovy/groovy-xml/4.0.1/groovy-xml-4.0.1.jar:/Users/A200033862/.m2/repository/org/apache/httpcomponents/httpclient/4.5.13/httpclient-4.5.13.jar:/Users/A200033862/.m2/repository/org/apache/httpcomponents/httpcore/4.4.13/httpcore-4.4.13.jar:/Users/A200033862/.m2/repository/commons-logging/commons-logging/1.2/commons-logging-1.2.jar:/Users/A200033862/.m2/repository/org/apache/httpcomponents/httpmime/4.5.13/httpmime-4.5.13.jar:/Users/A200033862/.m2/repository/org/hamcrest/hamcrest/2.1/hamcrest-2.1.jar:/Users/A200033862/.m2/repository/org/ccil/cowan/tagsoup/tagsoup/1.2.1/tagsoup-1.2.1.jar:/Users/A200033862/.m2/repository/io/rest-assured/json-path/5.1.1/json-path-5.1.1.jar:/Users/A200033862/.m2/repository/org/apache/groovy/groovy-json/4.0.1/groovy-json-4.0.1.jar:/Users/A200033862/.m2/repository/io/rest-assured/rest-assured-common/5.1.1/rest-assured-common-5.1.1.jar:/Users/A200033862/.m2/repository/io/rest-assured/xml-path/5.1.1/xml-path-5.1.1.jar:/Users/A200033862/.m2/repository/org/apache/commons/commons-lang3/3.11/commons-lang3-3.11.jar:/Users/A200033862/.m2/repository/org/testng/testng/7.5/testng-7.5.jar:/Users/A200033862/.m2/repository/com/google/code/findbugs/jsr305/3.0.1/jsr305-3.0.1.jar:/Users/A200033862/.m2/repository/org/slf4j/slf4j-api/1.7.32/slf4j-api-1.7.32.jar:/Users/A200033862/.m2/repository/com/beust/jcommander/1.78/jcommander-1.78.jar:/Users/A200033862/.m2/repository/org/webjars/jquery/3.5.1/jquery-3.5.1.jar:/Users/A200033862/.m2/repository/com/googlecode/json-simple/json-simple/1.1/json-simple-1.1.jar:/Users/A200033862/.m2/repository/org/apache/poi/poi/5.2.1/poi-5.2.1.jar:/Users/A200033862/.m2/repository/commons-codec/commons-codec/1.15/commons-codec-1.15.jar:/Users/A200033862/.m2/repository/org/apache/commons/commons-collections4/4.4/commons-collections4-4.4.jar:/Users/A200033862/.m2/repository/org/apache/commons/commons-math3/3.6.1/commons-math3-3.6.1.jar:/Users/A200033862/.m2/repository/commons-io/commons-io/2.11.0/commons-io-2.11.0.jar:/Users/A200033862/.m2/repository/com/zaxxer/SparseBitSet/1.2/SparseBitSet-1.2.jar:/Users/A200033862/.m2/repository/org/apache/logging/log4j/log4j-api/2.17.1/log4j-api-2.17.1.jar:/Users/A200033862/.m2/repository/log4j/log4j/1.2.8/log4j-1.2.8.jar:/Users/A200033862/.m2/repository/com/fasterxml/jackson/core/jackson-databind/2.13.4.1/jackson-databind-2.13.4.1.jar:/Users/A200033862/.m2/repository/com/fasterxml/jackson/core/jackson-annotations/2.13.4/jackson-annotations-2.13.4.jar:/Users/A200033862/.m2/repository/com/fasterxml/jackson/core/jackson-core/2.13.4/jackson-core-2.13.4.jar:/Users/A200033862/.m2/repository/io/qameta/allure/allure-testng/2.19.0/allure-testng-2.19.0.jar:/Users/A200033862/.m2/repository/io/qameta/allure/allure-java-commons/2.19.0/allure-java-commons-2.19.0.jar:/Users/A200033862/.m2/repository/io/qameta/allure/allure-model/2.19.0/allure-model-2.19.0.jar:/Users/A200033862/.m2/repository/io/qameta/allure/allure-test-filter/2.19.0/allure-test-filter-2.19.0.jar:"/>
    <property name="sun.cpu.endian" value="little"/>
    <property name="user.home" value="/Users/A200033862"/>
    <property name="user.language" value="en"/>
    <property name="java.specification.vendor" value="Oracle Corporation"/>
    <property name="java.version.date" value="2022-08-12"/>
    <property name="java.home" value="/Applications/Eclipse.app/Contents/Eclipse/plugins/org.eclipse.justj.openjdk.hotspot.jre.full.macosx.x86_64_17.0.4.v20220903-1038/jre"/>
    <property name="file.separator" value="/"/>
    <property name="basedir" value="/Users/A200033862/eclipse-workspace/api"/>
    <property name="java.vm.compressedOopsMode" value="Zero based"/>
    <property name="line.separator" value="&#10;"/>
    <property name="java.specification.name" value="Java Platform API Specification"/>
    <property name="java.vm.specification.vendor" value="Oracle Corporation"/>
    <property name="surefire.real.class.path" value="/Users/A200033862/eclipse-workspace/api/target/surefire/surefirebooter15409713415212889020.jar"/>
    <property name="sun.management.compiler" value="HotSpot 64-Bit Tiered Compilers"/>
    <property name="ftp.nonProxyHosts" value="local|*.local|169.254/16|*.169.254/16"/>
    <property name="java.runtime.version" value="17.0.4.1+1"/>
    <property name="user.name" value="A200033862"/>
    <property name="path.separator" value=":"/>
    <property name="os.version" value="13.0"/>
    <property name="java.runtime.name" value="OpenJDK Runtime Environment"/>
    <property name="file.encoding" value="UTF-8"/>
    <property name="java.vm.name" value="OpenJDK 64-Bit Server VM"/>
    <property name="java.vendor.version" value="Temurin-17.0.4.1+1"/>
    <property name="localRepository" value="/Users/A200033862/.m2/repository"/>
    <property name="java.vendor.url.bug" value="https://github.com/adoptium/adoptium-support/issues"/>
    <property name="java.io.tmpdir" value="/var/folders/mw/tyks1_p150s784q77glxw9m00000gn/T/"/>
    <property name="java.version" value="17.0.4.1"/>
    <property name="user.dir" value="/Users/A200033862/eclipse-workspace/api"/>
    <property name="os.arch" value="x86_64"/>
    <property name="java.vm.specification.name" value="Java Virtual Machine Specification"/>
    <property name="native.encoding" value="UTF-8"/>
    <property name="java.library.path" value="/Users/A200033862/Library/Java/Extensions:/Library/Java/Extensions:/Network/Library/Java/Extensions:/System/Library/Java/Extensions:/usr/lib/java:."/>
    <property name="java.vm.info" value="mixed mode"/>
    <property name="java.vendor" value="Eclipse Adoptium"/>
    <property name="java.vm.version" value="17.0.4.1+1"/>
    <property name="sun.io.unicode.encoding" value="UnicodeBig"/>
    <property name="socksNonProxyHosts" value="local|*.local|169.254/16|*.169.254/16"/>
    <property name="java.class.version" value="61.0"/>
  </properties>
</testsuite>