<?xml version="1.0" encoding="UTF-8"?>
<!-- Generated by org.testng.reporters.JUnitReportReporter -->
<testsuite hostname="T000cd99a8" failures="0" tests="2" name="api.test.TC02_GetIndicidualEmplDetails" time="0.209" errors="0" timestamp="2022-12-28T18:58:02 IST" skipped="0">
  <testcase classname="api.test.TC02_GetIndicidualEmplDetails" name="validateStatusCode" time="0.005"/>
  <system-out/>
  <testcase classname="api.test.TC02_GetIndicidualEmplDetails" name="validateEmpID" time="0.204"/>
  <system-out/>
</testsuite> <!-- api.test.TC02_GetIndicidualEmplDetails -->
